Arguments: 
  /usr/bin/node /usr/bin/yarn install

PATH: 
  /usr/local/bin:/usr/bin:/usr/local/sbin:/usr/sbin:/digi/home/digiadm/.local/bin:/digi/home/digiadm/bin

Yarn version: 
  1.7.0

Node version: 
  8.11.3

Platform: 
  linux x64

Trace: 
  Error: getaddrinfo ENOTFOUND registry.yarnpkg.com registry.yarnpkg.com:443
      at errnoException (dns.js:50:10)
      at GetAddrInfoReqWrap.onlookup [as oncomplete] (dns.js:92:26)

npm manifest: 
  {
    "name": "shop-go-webapi-document",
    "version": "1.0.0",
    "description": "No description provided (generated by Swagger Codegen https://github.com/swagger-api/swagger-codegen)",
    "main": "index.js",
    "scripts": {
  	"prestart": "npm install",
  	"start": "node index.js"
    },
    "keywords": [
      "swagger"
    ],
    "license": "Unlicense",
    "private": true,
    "dependencies": {
      "connect": "^3.2.0",
      "js-yaml": "^3.3.0",
      "swagger-tools": "0.10.1"
    }
  }

yarn manifest: 
  No manifest

Lockfile: 
  No lockfile
